<?xml version="1.0" encoding="UTF-8"?>
<testng-results ignored="0" total="1" passed="1" failed="0" skipped="0">
  <reporter-output>
  </reporter-output>
  <suite started-at="2025-08-01T13:25:51 IST" name="Suite" finished-at="2025-08-01T13:25:57 IST" duration-ms="6317">
    <groups>
      <group name="Master">
        <method signature="TC001_AccountRegistration.verify_account_registration()[pri:0, instance:testCases.TC001_AccountRegistration@c8c12ac]" name="verify_account_registration" class="testCases.TC001_AccountRegistration"/>
      </group> <!-- Master -->
      <group name="Regression">
        <method signature="TC001_AccountRegistration.verify_account_registration()[pri:0, instance:testCases.TC001_AccountRegistration@c8c12ac]" name="verify_account_registration" class="testCases.TC001_AccountRegistration"/>
      </group> <!-- Regression -->
    </groups>
    <test started-at="2025-08-01T13:25:51 IST" name="TC001_AccountRegistration" finished-at="2025-08-01T13:25:57 IST" duration-ms="6317">
      <class name="testCases.TC001_AccountRegistration">
        <test-method is-config="true" signature="setup(java.lang.String,java.lang.String)[pri:0, instance:testCases.TC001_AccountRegistration@c8c12ac]" started-at="2025-08-01T13:25:51 IST" name="setup" finished-at="2025-08-01T13:25:55 IST" duration-ms="3958" status="PASS">
          <params>
            <param index="0">
              <value>
                <![CDATA[chrome]]>
              </value>
            </param>
            <param index="1">
              <value>
                <![CDATA[windows]]>
              </value>
            </param>
          </params>
          <reporter-output>
          </reporter-output>
        </test-method> <!-- setup -->
        <test-method signature="verify_account_registration()[pri:0, instance:testCases.TC001_AccountRegistration@c8c12ac]" started-at="2025-08-01T13:25:55 IST" name="verify_account_registration" finished-at="2025-08-01T13:25:57 IST" duration-ms="2072" status="PASS">
          <reporter-output>
          </reporter-output>
        </test-method> <!-- verify_account_registration -->
        <test-method is-config="true" signature="tear_down()[pri:0, instance:testCases.TC001_AccountRegistration@c8c12ac]" started-at="2025-08-01T13:25:57 IST" name="tear_down" finished-at="2025-08-01T13:25:57 IST" duration-ms="0" status="PASS">
          <reporter-output>
          </reporter-output>
        </test-method> <!-- tear_down -->
      </class> <!-- testCases.TC001_AccountRegistration -->
    </test> <!-- TC001_AccountRegistration -->
  </suite> <!-- Suite -->
</testng-results>
